<?xml version="1.0" encoding="UTF-8"?>
<!-- Generated by org.testng.reporters.JUnitReportReporter -->
<testsuite hostname="LAPTOP-MU3EQOKE" failures="0" tests="2" name="Test.Get_Request" time="2.457" errors="0" timestamp="2021-07-21T20:45:01 GST" skipped="0">
  <testcase classname="Test.Get_Request" name="getstatus" time="1.730"/>
  <testcase classname="Test.Get_Request" name="verifyFirstname" time="0.727"/>
</testsuite> <!-- Test.Get_Request -->
