<?xml version="1.0" encoding="UTF-8"?>
<!-- Generated by org.testng.reporters.JUnitReportReporter -->
<testsuite hostname="LAPTOP-MU3EQOKE" failures="0" tests="1" name="Test.Post_Request" time="2.216" errors="0" timestamp="2021-07-21T18:19:47 GST" skipped="0">
  <testcase classname="Test.Post_Request" name="users" time="2.216"/>
</testsuite> <!-- Test.Post_Request -->
