<?xml version="1.0" encoding="UTF-8"?>
<!-- Generated by org.testng.reporters.JUnitReportReporter -->
<testsuite hostname="LAPTOP-MU3EQOKE" failures="0" tests="2" name="Test.API" time="3.205" errors="0" timestamp="2021-07-21T21:31:59 GST" skipped="0">
  <testcase classname="Test.API" name="Get_Request" time="2.553"/>
  <testcase classname="Test.API" name="Post_Request" time="0.652"/>
</testsuite> <!-- Test.API -->
